\BOOKMARK [0][-]{section*.1}{Oral Defense Recommendation Sheet}{}% 1
\BOOKMARK [0][-]{section*.2}{Abstract}{}% 2
\BOOKMARK [0][-]{section*.4}{Table of Contents}{}% 3
\BOOKMARK [0][-]{section*.5}{List of Figures}{}% 4
\BOOKMARK [0][-]{section*.6}{List of Tables}{}% 5
\BOOKMARK [0][-]{section*.7}{Abbreviations}{}% 6
\BOOKMARK [0][-]{section*.9}{Glossary}{}% 7
\BOOKMARK [0][-]{chapter.1}{Introduction}{}% 8
\BOOKMARK [1][-]{section.1.1}{Background of the Study}{chapter.1}% 9
\BOOKMARK [1][-]{section.1.2}{Prior Studies}{chapter.1}% 10
\BOOKMARK [1][-]{section.1.3}{Problem Statement}{chapter.1}% 11
\BOOKMARK [1][-]{section.1.4}{Objectives}{chapter.1}% 12
\BOOKMARK [2][-]{subsection.1.4.1}{General Objective\(s\)}{section.1.4}% 13
\BOOKMARK [2][-]{subsection.1.4.2}{Specific Objectives}{section.1.4}% 14
\BOOKMARK [1][-]{section.1.5}{Significance of the Study}{chapter.1}% 15
\BOOKMARK [2][-]{subsection.1.5.1}{Scope}{section.1.5}% 16
\BOOKMARK [2][-]{subsection.1.5.2}{Delimitations}{section.1.5}% 17
\BOOKMARK [1][-]{section.1.6}{Description of the Thesis}{chapter.1}% 18
\BOOKMARK [1][-]{section.1.7}{Estimated Work Schedule and Budget}{chapter.1}% 19
\BOOKMARK [1][-]{section.1.8}{Overview of the Thesis}{chapter.1}% 20
\BOOKMARK [0][-]{chapter.2}{Literature Review}{}% 21
\BOOKMARK [1][-]{section.2.1}{Existing Work}{chapter.2}% 22
\BOOKMARK [1][-]{section.2.2}{Lacking in the Approaches}{chapter.2}% 23
\BOOKMARK [0][-]{chapter.3}{Theoretical Considerations}{}% 24
\BOOKMARK [1][-]{section.3.1}{Summary}{chapter.3}% 25
\BOOKMARK [1][-]{section.3.2}{Fall Detection}{chapter.3}% 26
\BOOKMARK [2][-]{subsection.3.2.1}{Motion Detection and Direction of Fall}{section.3.2}% 27
\BOOKMARK [2][-]{subsection.3.2.2}{Location of the User}{section.3.2}% 28
\BOOKMARK [2][-]{subsection.3.2.3}{Alert System}{section.3.2}% 29
\BOOKMARK [2][-]{subsection.3.2.4}{Graphical User Interface \(GUI\)}{section.3.2}% 30
\BOOKMARK [2][-]{subsection.3.2.5}{Sections of the Body}{section.3.2}% 31
\BOOKMARK [2][-]{subsection.3.2.6}{Trip, Stumble, and Fall}{section.3.2}% 32
\BOOKMARK [2][-]{subsection.3.2.7}{Vector Analysis of Fall}{section.3.2}% 33
\BOOKMARK [1][-]{section.3.3}{Pre, During and Post Detection of Fall}{chapter.3}% 34
\BOOKMARK [2][-]{subsection.3.3.1}{Pre-fall Detection}{section.3.3}% 35
\BOOKMARK [2][-]{subsection.3.3.2}{Post Fall Detection}{section.3.3}% 36
\BOOKMARK [0][-]{chapter.4}{Design Considerations}{}% 37
\BOOKMARK [1][-]{section.4.1}{Summary}{chapter.4}% 38
\BOOKMARK [1][-]{section.4.2}{Development of Fall Detector}{chapter.4}% 39
\BOOKMARK [2][-]{subsection.4.2.1}{Fall Analyzer and Motion Detection Using Accelerometers}{section.4.2}% 40
\BOOKMARK [1][-]{section.4.3}{Languages Used}{chapter.4}% 41
\BOOKMARK [0][-]{chapter.5}{Methodology}{}% 42
\BOOKMARK [1][-]{section.5.1}{System Process}{chapter.5}% 43
\BOOKMARK [2][-]{subsection.5.1.1}{Device Initialization}{section.5.1}% 44
\BOOKMARK [2][-]{subsection.5.1.2}{Notification System}{section.5.1}% 45
\BOOKMARK [1][-]{section.5.2}{Implementation}{chapter.5}% 46
\BOOKMARK [2][-]{subsection.5.2.1}{Preparation, Setup, and Data Acquisition}{section.5.2}% 47
\BOOKMARK [1][-]{section.5.3}{Evaluation}{chapter.5}% 48
\BOOKMARK [0][-]{chapter.6}{Results and Discussions}{}% 49
\BOOKMARK [1][-]{section.6.1}{Direction of Fall Output}{chapter.6}% 50
\BOOKMARK [1][-]{section.6.2}{Motion Detection Data}{chapter.6}% 51
\BOOKMARK [1][-]{section.6.3}{Confusion Matrix}{chapter.6}% 52
\BOOKMARK [1][-]{section.6.4}{Notification System}{chapter.6}% 53
\BOOKMARK [0][-]{chapter.7}{Conclusions, Recommendations, and Future Directives}{}% 54
\BOOKMARK [1][-]{section.7.1}{Concluding Remarks}{chapter.7}% 55
\BOOKMARK [1][-]{section.7.2}{Contributions}{chapter.7}% 56
\BOOKMARK [1][-]{section.7.3}{Recommendations}{chapter.7}% 57
\BOOKMARK [1][-]{section.7.4}{Future Prospects}{chapter.7}% 58
\BOOKMARK [0][-]{section*.50}{References}{}% 59
\BOOKMARK [0][-]{appendix.A}{Student Research Ethics Checklist A}{}% 60
\BOOKMARK [0][-]{appendix.B}{Answers to Questions to this Thesis}{}% 61
\BOOKMARK [0][-]{appendix.C}{Revisions to the Proposal}{}% 62
\BOOKMARK [0][-]{appendix.D}{Revisions to the Final}{}% 63
\BOOKMARK [0][-]{appendix.E}{Program}{}% 65
\BOOKMARK [0][-]{appendix.F}{Datasheets}{}% 66
